<?xml version="1.0" encoding="UTF-8"?>
<!-- Generated by org.testng.reporters.JUnitReportReporter -->
<testsuite skipped="0" hostname="LAPTOP-4PCTMNT8" name="restAPI.PostRequest" tests="1" failures="0" timestamp="12 Jul 2023 07:38:24 GMT" time="4.514" errors="0">
  <testcase name="test1" time="4.514" classname="restAPI.PostRequest"/>
</testsuite> <!-- restAPI.PostRequest -->
