<?xml version="1.0" encoding="UTF-8"?>
<!-- Generated by org.testng.reporters.JUnitReportReporter -->
<testsuite skipped="0" hostname="LAPTOP-4PCTMNT8" name="restAPI.DeleteRequest" tests="1" failures="0" timestamp="12 Jul 2023 09:58:45 GMT" time="3.792" errors="0">
  <testcase name="test1" time="3.792" classname="restAPI.DeleteRequest"/>
</testsuite> <!-- restAPI.DeleteRequest -->
