<?xml version="1.0" encoding="UTF-8"?>
<!-- Generated by org.testng.reporters.JUnitReportReporter -->
<testsuite skipped="0" hostname="LAPTOP-4PCTMNT8" name="restAPIBDD.GetRequestBDD" tests="1" failures="0" timestamp="13 Jul 2023 09:14:24 GMT" time="4.061" errors="0">
  <testcase name="test3" time="4.061" classname="restAPIBDD.GetRequestBDD"/>
</testsuite> <!-- restAPIBDD.GetRequestBDD -->
