<?xml version="1.0" encoding="UTF-8"?>
<!-- Generated by org.testng.reporters.JUnitReportReporter -->
<testsuite skipped="0" hostname="LAPTOP-4PCTMNT8" name="springBootApp.PostNewEmployee" tests="1" failures="0" timestamp="12 Jul 2023 10:47:20 GMT" time="2.686" errors="0">
  <testcase name="test1" time="2.686" classname="springBootApp.PostNewEmployee"/>
</testsuite> <!-- springBootApp.PostNewEmployee -->
