<?xml version="1.0" encoding="UTF-8"?>
<!-- Generated by org.testng.reporters.JUnitReportReporter -->
<testsuite hostname="LAPTOP-4PCTMNT8" failures="0" tests="1" name="RestAPIXML.XMLTest" time="3.252" errors="0" timestamp="17 Jul 2023 06:56:48 GMT" skipped="0">
  <testcase classname="RestAPIXML.XMLTest" name="test2" time="3.252"/>
</testsuite> <!-- RestAPIXML.XMLTest -->
