<?xml version="1.0" encoding="UTF-8"?>
<!-- Generated by org.testng.reporters.JUnitReportReporter -->
<testsuite skipped="0" hostname="LAPTOP-4PCTMNT8" name="github.CreateRepoUsingPostCall" tests="1" failures="0" timestamp="12 Jul 2023 11:05:25 GMT" time="3.737" errors="0">
  <testcase name="test1" time="3.737" classname="github.CreateRepoUsingPostCall"/>
</testsuite> <!-- github.CreateRepoUsingPostCall -->
