<?xml version="1.0" encoding="UTF-8"?>
<!-- Generated by org.testng.reporters.JUnitReportReporter -->
<testsuite skipped="0" hostname="LAPTOP-4PCTMNT8" name="restAPI.PutRequestWithHashMap" tests="1" failures="0" timestamp="12 Jul 2023 09:54:57 GMT" time="4.527" errors="0">
  <testcase name="test1" time="4.527" classname="restAPI.PutRequestWithHashMap"/>
</testsuite> <!-- restAPI.PutRequestWithHashMap -->
