<?xml version="1.0" encoding="UTF-8"?>
<!-- Generated by org.testng.reporters.JUnitReportReporter -->
<testsuite skipped="0" hostname="LAPTOP-4PCTMNT8" name="springBootApp.GetAllEmployee" tests="1" failures="0" timestamp="12 Jul 2023 10:41:32 GMT" time="2.202" errors="0">
  <testcase name="test1" time="2.202" classname="springBootApp.GetAllEmployee"/>
</testsuite> <!-- springBootApp.GetAllEmployee -->
