<?xml version="1.0" encoding="UTF-8"?>
<!-- Generated by org.testng.reporters.JUnitReportReporter -->
<testsuite skipped="0" hostname="LAPTOP-4PCTMNT8" name="restAPIBDD.PostRequestBDD" tests="1" failures="0" timestamp="17 Jul 2023 05:30:11 GMT" time="5.318" errors="0">
  <testcase name="test1" time="5.318" classname="restAPIBDD.PostRequestBDD"/>
</testsuite> <!-- restAPIBDD.PostRequestBDD -->
